<?xml version="1.0" encoding="UTF-8"?>
<!-- Generated by org.testng.reporters.JUnitReportReporter -->
<testsuite hostname="ES-LAPTOP-103" name="pegasusAutomationscripts.Login" tests="3" failures="0" timestamp="11 Aug 2016 11:57:33 GMT" time="21.238" errors="0">
  <testcase name="CEnterPasswordandSignIN" time="1.840" classname="pegasusAutomationscripts.Login"/>
  <testcase name="AOpeningBrowser" time="17.209" classname="pegasusAutomationscripts.Login"/>
  <testcase name="BEnterUesrName" time="2.189" classname="pegasusAutomationscripts.Login"/>
</testsuite> <!-- pegasusAutomationscripts.Login -->
