<?xml version="1.0" encoding="UTF-8"?>
<!-- Generated by org.testng.reporters.JUnitReportReporter -->
<testsuite hostname="ES-LAPTOP-103" name="pegasusAutomationscripts.Login" tests="2" failures="0" timestamp="9 Aug 2016 11:42:55 GMT" time="43.685" errors="0">
  <testcase name="AOpeningBrowser" time="41.046" classname="pegasusAutomationscripts.Login"/>
  <testcase name="BApplicationLogin" time="2.639" classname="pegasusAutomationscripts.Login"/>
</testsuite> <!-- pegasusAutomationscripts.Login -->
