<?xml version="1.0" encoding="UTF-8"?>
<!-- Generated by org.testng.reporters.JUnitReportReporter -->
<testsuite hostname="ES-LAPTOP-103" name="pegasusAutomationscripts.CreateCourse" tests="1" failures="0" timestamp="9 Aug 2016 11:42:55 GMT" time="15.399" errors="0">
  <testcase name="f" time="15.399" classname="pegasusAutomationscripts.CreateCourse"/>
</testsuite> <!-- pegasusAutomationscripts.CreateCourse -->
