<?xml version="1.0" encoding="UTF-8"?>
<!-- Generated by org.testng.reporters.JUnitReportReporter -->
<testsuite hostname="ES-LAPTOP-103" name="javaautomationpackage.Login" tests="2" failures="0" timestamp="5 Aug 2016 10:25:08 GMT" time="52.038" errors="0">
  <testcase name="ZApplicationLogin" time="0.910" classname="javaautomationpackage.Login"/>
  <testcase name="AOpeningBrowser" time="51.128" classname="javaautomationpackage.Login"/>
</testsuite> <!-- javaautomationpackage.Login -->
