<?xml version="1.0" encoding="UTF-8"?>
<!-- Generated by org.testng.reporters.JUnitReportReporter -->
<testsuite hostname="ES-LAPTOP-103" name="javaautomationpackage.Login" tests="2" failures="0" timestamp="9 Aug 2016 09:53:03 GMT" time="39.492" errors="0">
  <testcase name="AOpeningBrowser" time="37.248" classname="javaautomationpackage.Login"/>
  <testcase name="BApplicationLogin" time="2.244" classname="javaautomationpackage.Login"/>
</testsuite> <!-- javaautomationpackage.Login -->
