<?xml version="1.0" encoding="UTF-8"?>
<!-- Generated by org.testng.reporters.JUnitReportReporter -->
<testsuite hostname="ES-LAPTOP-103" name="javaautomationpackage.Login" tests="2" failures="0" timestamp="5 Aug 2016 12:47:32 GMT" time="93.290" errors="0">
  <testcase name="BApplicationLogin" time="19.921" classname="javaautomationpackage.Login"/>
  <testcase name="AOpeningBrowser" time="73.369" classname="javaautomationpackage.Login"/>
</testsuite> <!-- javaautomationpackage.Login -->
